about = 1
accompanied = 2
accomplish = 1
accounts = 1
accustomed = 1
acquainted = 1
acquitted = 1
actually = 2
admiration = 1
adopted = 1
advancing = 1
advantage = 1
adventurer = 1
affectionate = 1
affirmative = 1
again = 3
agitation = 1
agreeable = 1
all = 7
allow = 1
already = 2
also = 2
ambition = 1
among = 1
and = 44
answer = 2
archangel = 1
ardent = 1
ardour = 1
are = 11
arrived = 1
arriving = 1
ascertaining = 1
assure = 1
attracts = 1
banished = 1
beauty = 2
became = 1
become = 1
been = 3
before = 3
began = 1
benefit = 1
bent = 1
between = 2
blessings = 1
blood = 1
boat = 1
bodies = 1
body = 1
bore = 1
braces = 1
branches = 1
breeze = 2
broad = 1
brother = 1
but = 5
calm = 1
can = 4
cannot = 1
captain = 1
celestial = 1
channel = 1
cheeks = 1
child = 2
climes = 1
cold = 3
commence = 1
commenced = 1
commencement = 1
common = 1
composed = 1
confer = 1
confidence = 1
conjectures = 1
conquer = 1
consecrated = 1
consider = 1
consistent = 1
contest = 1
contributes = 1
countries = 1
country = 1
courage = 1
cousin = 1
creation = 1
curiosity = 1
danger = 1
day = 2
daydreams = 1
dear = 4
death = 1
dec = 1
deck = 1
dedicated = 1
delight = 2
demand = 1
depart = 1
depressed = 1
derive = 1
deserve = 1
desolation = 1
devoted = 1
did = 1
difference = 1
difficult = 1
diffusing = 1
dignity = 1
disappointment = 1
disaster = 1
discover = 1
discovered = 1
discovering = 1
discovery = 2
disk = 1
dispelled = 1
done = 1
down = 1
dream = 1
dress = 1
during = 1
dying = 1
earlier = 1
early = 1
earnestness = 1
ease = 1
easily = 1
eccentricities = 1
education = 1
effected = 1
effusions = 1
elevates = 1
embark = 1
embarks = 1
emergencies = 1
encouraging = 1
endured = 1
engage = 1
england = 1
english = 1
enterprise = 2
enthusiasm = 1
enticement = 1
enticements = 1
entranced = 1
entreated = 1
eternal = 1
even = 1
ever = 3
every = 2
evil = 1
example = 1
excellent = 1
excessive = 1
exercise = 1
expected = 1
expedition = 2
expeditions = 1
eye = 1
faded = 1
fail = 1
failing = 1
failure = 1
false = 1
familiarity = 1
famine = 1
far = 2
farewell = 1
father’s = 1
favourable = 1
favourite = 1
fear = 1
features = 1
feel = 2
feeling = 1
feels = 1
felt = 2
fervent = 1
fills = 1
firm = 1
first = 2
fishers = 1
fishing = 1
fix = 1
fluctuate = 1
fly = 1
fond = 1
foot = 1
for = 12
forbidden = 1
forebodings = 1
foretaste = 1
fortitude = 1
fortnight = 1
fortune = 1
freezing = 1
from = 4
frost = 2
furs—a = 1
generation = 1
gives = 1
globe = 1
glory = 1
glow = 1
good = 1
gratitude = 1
great = 3
greatest = 2
greenland = 1
habitable = 1
had = 2
harder = 1
hardship = 1
has = 3
have = 8
hear = 1
heart = 1
heaven = 3
heavenly = 1
heavily = 1
here = 1
hire = 1
hired = 1
his = 2
history = 1
hitherto = 1
holiday = 1
homer = 1
hopes = 1
horizon = 1
hour = 1
hours = 1
how = 2
icy = 1
imagination = 1
imagined = 1
imprinted = 1
increased = 1
increasing = 1
induce = 1
inestimable = 1
inherited = 1
injunction = 1
inspirited = 1
insurance = 1
intellectual = 1
intend = 1
intention = 1
into = 1
inuring = 1
its = 3
itself = 1
joy = 1
june = 1
just = 2
kindness = 1
laborious = 1
land = 2
last = 1
latter = 1
learning = 1
leave = 1
letter = 1
library = 1
life = 3
lifted = 1
light = 1
little = 2
lived = 1
london = 1
long = 1
lose = 1
love = 1
luxury = 1
made = 2
magnet = 1
man = 1
mankind = 1
many = 4
margaret = 3
mate = 1
mates = 1
mathematics = 1
may = 10
medicine = 1
meet = 1
might = 3
mind = 1
mine = 1
month = 1
months = 2
more = 2
most = 1
motion = 1
motionless = 1
mrs = 1
much = 1
must = 1
myself = 3
names = 1
native = 1
naval = 1
navigators = 1
near = 1
necessary = 1
needle = 1
neglected = 1
nerves = 1
never = 3
niche = 1
night = 1
nights = 1
north = 3
northern = 1
not = 5
nothing = 1
now = 2
observations = 1
obtain = 1
ocean = 1
offered = 1
often = 2
one = 1
only = 3
opinion = 1
others = 1
our = 1
over = 2
own = 3
owner = 1
pacific = 1
paradise = 1
part = 1
pass = 1
passage = 1
passed = 2
passionately = 1
path = 1
paying = 1
perhaps = 1
period = 1
perpetual = 1
persuaded = 1
perused = 1
petersburgh = 3
phenomena = 1
physical = 1
placed = 1
play = 1
pleasant = 1
poet = 1
poets = 1
point = 1
pole = 3
possible = 1
post = 1
power = 1
practical = 1
preceding = 1
preferred = 1
present = 2
presents = 1
prevents = 1
proceed = 1
productions = 1
promise = 1
prospect = 1
proud = 1
purpose = 1
purposes = 1
purpose—a = 1
put = 1
question = 1
quickly = 1
raise = 1
reach = 1
read = 1
reading = 1
reflections = 1
regarded = 1
region = 2
regions = 1
regret = 1
regulate = 1
rejoice = 1
remain = 1
remaining = 1
remember = 2
render = 1
require = 1
required = 1
requisite = 1
resolution = 1
resolved = 1
return = 1
river = 1
road = 1
russia = 1
sail = 1
sailing = 1
sailors = 2
satiate = 1
save = 1
saville = 1
science = 1
sea = 2
seafaring = 1
seas = 1
seat = 1
seated = 1
second = 1
secret = 1
see = 1
seeming = 1
services = 1
several = 1
shakespeare = 1
shall = 4
ship = 1
shower = 1
sight = 1
since = 1
sister = 3
six = 1
skirting = 1
sledges = 1
sleep = 1
snow = 2
solitudes = 1
some = 3
sometimes = 1
soon = 1
soul = 2
spirits = 2
splendour = 1
stagecoach = 1
steady = 1
streets = 1
study = 2
succeed = 1
success = 1
such = 2
sufficient = 1
sun = 1
supposing = 1
surpassing = 1
surround = 1
sustain = 1
task = 1
temple = 1
testify = 1
than = 2
that = 12
the = 67
their = 3
theirs = 1
them = 1
theory = 1
there = 5
there—for = 1
these = 5
they = 2
think = 1
thirst = 1
this = 9
thomas’ = 1
those = 6
thoughts = 1
thousand = 1
three = 1
through = 1
time = 2
towards = 1
town = 1
tranquillise = 1
travelled = 1
travelling = 1
tread = 1
trust = 1
try = 1
turned = 1
twice = 1
uncle = 2
under = 1
understand = 1
undertaking = 3
undiscovered = 1
undoubtedly = 1
until = 1
upon = 1
vain = 1
valuable = 1
various = 1
veins = 1
vessel = 1
visible = 1
visions = 1
visited = 1
vivid = 1
voice = 1
volumes = 1
voluntarily = 1
voyage = 3
voyages = 2
wafted = 1
walk = 1
walking = 1
walton = 1
want = 1
was = 2
wealth = 1
weeks = 1
welfare = 1
well = 1
were = 2
whale = 2
whaler = 1
what = 1
when = 6
where = 1
which = 19
who = 1
whole = 1
whose = 1
will = 5
wind = 1
with = 12
without = 1
wonders = 1
wondrous = 1
worked = 1
world = 1
would = 1
wrapped = 1
year = 1
years = 3
yesterday = 1
yet = 1
you = 10
your = 4

The total word count of this letter is 899